<?xml version="1.0" encoding="UTF-8"?>
<!-- Generated by org.testng.reporters.JUnitReportReporter -->
<testsuite skipped="0" hostname="in-madhurvk-1" name="com.winium.demo.WordPad" tests="1" failures="0" timestamp="11 Nov 2019 07:52:29 GMT" time="22.853" errors="0">
  <testcase name="wordPad" time="22.853" classname="com.winium.demo.WordPad"/>
</testsuite> <!-- com.winium.demo.WordPad -->
