<?xml version="1.0" encoding="UTF-8"?>
<!-- Generated by org.testng.reporters.JUnitReportReporter -->
<testsuite skipped="0" hostname="in-madhurvk-1" name="com.winium.demo.NotepadTest" tests="1" failures="0" timestamp="07 Nov 2019 08:07:21 GMT" time="5.221" errors="0">
  <testcase name="notePad" time="5.221" classname="com.winium.demo.NotepadTest"/>
</testsuite> <!-- com.winium.demo.NotepadTest -->
