<?xml version="1.0" encoding="UTF-8"?>
<!-- Generated by org.testng.reporters.JUnitReportReporter -->
<testsuite skipped="0" hostname="in-madhurvk-1" name="com.winium.demo.CalculatorTest" tests="1" failures="0" timestamp="08 Nov 2019 06:43:45 GMT" time="16.734" errors="0">
  <testcase name="calculator" time="16.734" classname="com.winium.demo.CalculatorTest"/>
</testsuite> <!-- com.winium.demo.CalculatorTest -->
